Build started 26/02/2015 10:57:26.
     1>Project "C:\Users\Richard\Documents\GitHub\OpenGLCraft\Exercice 1\_minecraft\base\base.vcxproj" on node 2 (Build target(s)).
     1>ClCompile:
         C:\Program Files (x86)\Microsoft Visual Studio 12.0\VC\bin\CL.exe /c /I../src /I../src/external /I../../_engine/src /I../../_engine/src/external /I../../_engine/src/external/bullet/src /ZI /nologo /W3 /WX- /Od /Oy- /D LOG_FILE /D WIN32 /D _DEBUG /D _WINDOWS /D _CRT_SECURE_NO_WARNINGS /D TETLIBRARY /D _UNICODE /D UNICODE /Gm /EHsc /RTC1 /MDd /GS /fp:precise /Zc:wchar_t /Zc:forScope /Fo"Debug\\" /Fd"Debug\vc120.pdb" /Gd /TP /analyze- /errorReport:prompt ..\src\main.cpp
         main.cpp
     1>c:\users\richard\documents\github\openglcraft\exercice 1\_engine\src\engine\utils\ny_utils.h(25): warning C4005: 'NAN' : macro redefinition
                 c:\program files (x86)\microsoft visual studio 12.0\vc\include\math.h(106) : see previous definition of 'NAN'
     1>c:\users\richard\documents\github\openglcraft\exercice 1\_minecraft\src\chunk.h(78): warning C4244: 'argument' : conversion from 'int' to 'float', possible loss of data
     1>c:\users\richard\documents\github\openglcraft\exercice 1\_engine\src\engine\render\graph\tex_manager.h(233): warning C4244: '=' : conversion from 'float' to 'png_byte', possible loss of data
     1>c:\users\richard\documents\github\openglcraft\exercice 1\_engine\src\engine\render\graph\tex_manager.h(234): warning C4244: '=' : conversion from 'float' to 'png_byte', possible loss of data
     1>c:\users\richard\documents\github\openglcraft\exercice 1\_engine\src\engine\render\graph\tex_manager.h(235): warning C4244: '=' : conversion from 'float' to 'png_byte', possible loss of data
     1>c:\users\richard\documents\github\openglcraft\exercice 1\_minecraft\src\world.h(694): warning C4244: 'argument' : conversion from 'const int' to 'float', possible loss of data
     1>c:\users\richard\documents\github\openglcraft\exercice 1\_minecraft\src\world.h(695): warning C4244: 'argument' : conversion from 'const int' to 'float', possible loss of data
     1>c:\users\richard\documents\github\openglcraft\exercice 1\_minecraft\src\world.h(696): warning C4244: 'argument' : conversion from 'const int' to 'float', possible loss of data
     1>c:\users\richard\documents\github\openglcraft\exercice 1\_minecraft\src\world.h(697): warning C4244: 'argument' : conversion from 'const int' to 'float', possible loss of data
     1>c:\users\richard\documents\github\openglcraft\exercice 1\_minecraft\src\world.h(709): warning C4244: 'argument' : conversion from 'const int' to 'float', possible loss of data
     1>c:\users\richard\documents\github\openglcraft\exercice 1\_minecraft\src\world.h(710): warning C4244: 'argument' : conversion from 'const int' to 'float', possible loss of data
     1>c:\users\richard\documents\github\openglcraft\exercice 1\_minecraft\src\world.h(711): warning C4244: 'argument' : conversion from 'const int' to 'float', possible loss of data
     1>c:\users\richard\documents\github\openglcraft\exercice 1\_minecraft\src\world.h(712): warning C4244: 'argument' : conversion from 'const int' to 'float', possible loss of data
     1>c:\users\richard\documents\github\openglcraft\exercice 1\_minecraft\src\world.h(724): warning C4244: 'argument' : conversion from 'const int' to 'float', possible loss of data
     1>c:\users\richard\documents\github\openglcraft\exercice 1\_minecraft\src\world.h(725): warning C4244: 'argument' : conversion from 'const int' to 'float', possible loss of data
     1>c:\users\richard\documents\github\openglcraft\exercice 1\_minecraft\src\world.h(726): warning C4244: 'argument' : conversion from 'const int' to 'float', possible loss of data
     1>c:\users\richard\documents\github\openglcraft\exercice 1\_minecraft\src\world.h(727): warning C4244: 'argument' : conversion from 'const int' to 'float', possible loss of data
     1>c:\users\richard\documents\github\openglcraft\exercice 1\_minecraft\src\world.h(739): warning C4244: 'argument' : conversion from 'const int' to 'float', possible loss of data
     1>c:\users\richard\documents\github\openglcraft\exercice 1\_minecraft\src\world.h(740): warning C4244: 'argument' : conversion from 'const int' to 'float', possible loss of data
     1>c:\users\richard\documents\github\openglcraft\exercice 1\_minecraft\src\world.h(741): warning C4244: 'argument' : conversion from 'const int' to 'float', possible loss of data
     1>c:\users\richard\documents\github\openglcraft\exercice 1\_minecraft\src\world.h(742): warning C4244: 'argument' : conversion from 'const int' to 'float', possible loss of data
     1>c:\users\richard\documents\github\openglcraft\exercice 1\_minecraft\src\world.h(754): warning C4244: 'argument' : conversion from 'const int' to 'float', possible loss of data
     1>c:\users\richard\documents\github\openglcraft\exercice 1\_minecraft\src\world.h(755): warning C4244: 'argument' : conversion from 'const int' to 'float', possible loss of data
     1>c:\users\richard\documents\github\openglcraft\exercice 1\_minecraft\src\world.h(756): warning C4244: 'argument' : conversion from 'const int' to 'float', possible loss of data
     1>c:\users\richard\documents\github\openglcraft\exercice 1\_minecraft\src\world.h(757): warning C4244: 'argument' : conversion from 'const int' to 'float', possible loss of data
     1>c:\users\richard\documents\github\openglcraft\exercice 1\_minecraft\src\world.h(769): warning C4244: 'argument' : conversion from 'const int' to 'float', possible loss of data
     1>c:\users\richard\documents\github\openglcraft\exercice 1\_minecraft\src\world.h(770): warning C4244: 'argument' : conversion from 'const int' to 'float', possible loss of data
     1>c:\users\richard\documents\github\openglcraft\exercice 1\_minecraft\src\world.h(771): warning C4244: 'argument' : conversion from 'const int' to 'float', possible loss of data
     1>c:\users\richard\documents\github\openglcraft\exercice 1\_minecraft\src\world.h(772): warning C4244: 'argument' : conversion from 'const int' to 'float', possible loss of data
     1>c:\users\richard\documents\github\openglcraft\exercice 1\_minecraft\src\main.cpp(182): warning C4305: 'argument' : truncation from 'double' to 'GLfloat'
     1>c:\users\richard\documents\github\openglcraft\exercice 1\_minecraft\src\main.cpp(257): warning C4305: '*=' : truncation from 'double' to 'float'
     1>c:\users\richard\documents\github\openglcraft\exercice 1\_minecraft\src\main.cpp(265): warning C4305: '*=' : truncation from 'double' to 'float'
     1>c:\users\richard\documents\github\openglcraft\exercice 1\_minecraft\src\main.cpp(293): warning C4305: 'argument' : truncation from 'double' to 'float'
     1>c:\users\richard\documents\github\openglcraft\exercice 1\_minecraft\src\main.cpp(295): warning C4305: 'argument' : truncation from 'double' to 'float'
       Link:
         C:\Program Files (x86)\Microsoft Visual Studio 12.0\VC\bin\link.exe /ERRORREPORT:PROMPT /OUT:"C:\Users\Richard\Documents\GitHub\OpenGLCraft\Exercice 1\_minecraft\Debug\base.exe" /INCREMENTAL /NOLOGO /LIBPATH:../lib /LIBPATH:../../_engine/lib libpng16.lib libcurl.lib openal32.lib alut_d.lib glew32.lib freeglut.lib Kernel32.lib Psapi.lib kernel32.lib user32.lib gdi32.lib winspool.lib comdlg32.lib advapi32.lib shell32.lib ole32.lib oleaut32.lib uuid.lib odbc32.lib odbccp32.lib /MANIFEST /MANIFESTUAC:"level='asInvoker' uiAccess='false'" /manifest:embed /DEBUG /PDB:"C:\Users\Richard\Documents\GitHub\OpenGLCraft\Exercice 1\_minecraft\Debug\base.pdb" /SUBSYSTEM:CONSOLE /TLBID:1 /DYNAMICBASE /NXCOMPAT /IMPLIB:"C:\Users\Richard\Documents\GitHub\OpenGLCraft\Exercice 1\_minecraft\Debug\base.lib" /MACHINE:X86 /SAFESEH Debug\log.obj
         Debug\renderer.obj
         Debug\CameraController.obj
         Debug\chunk.obj
         Debug\main.obj
         Debug\Perlin.obj
         Debug\Primitive.obj
     1>log.obj : warning LNK4075: ignoring '/EDITANDCONTINUE' due to '/SAFESEH' specification
     1>main.obj : error LNK2001: unresolved external symbol "private: static class NYTexManager * NYTexManager::_Instance" (?_Instance@NYTexManager@@0PAV1@A)
     1>C:\Users\Richard\Documents\GitHub\OpenGLCraft\Exercice 1\_minecraft\Debug\base.exe : fatal error LNK1120: 1 unresolved externals
     1>Done Building Project "C:\Users\Richard\Documents\GitHub\OpenGLCraft\Exercice 1\_minecraft\base\base.vcxproj" (Build target(s)) -- FAILED.

Build FAILED.

Time Elapsed 00:00:02.33
